[INFO ] 04-06-2022 22:10:20 [main] log - Đã chạy test case: C10_Verify_ClickOn_Banner4
[ERROR] 04-06-2022 22:10:22 [main] log - Test case bị fales:C10_Verify_ClickOn_Banner4
[INFO ] 04-06-2022 22:19:49 [main] log - Đã chạy test case: C07_Verify_ClickOn_BtnNoti
[INFO ] 04-06-2022 22:22:12 [main] log - Đã chạy test case: C06_Verify_ClickOn_BtnSignIn
[INFO ] 04-06-2022 22:22:50 [main] log - Đã chạy test case: C10_Verify_ClickOn_BtnHelp
[ERROR] 04-06-2022 22:22:51 [main] log - Test case bị fales:C10_Verify_ClickOn_BtnHelp
[INFO ] 04-06-2022 22:25:20 [main] log - Đã chạy test case: C09_Verify_ClickOn_BtnTask
[ERROR] 04-06-2022 22:25:20 [main] log - Test case bị fales:C09_Verify_ClickOn_BtnTask
[INFO ] 04-06-2022 22:26:33 [main] log - Đã chạy test case: C09_Verify_ClickOn_BtnTask
[ERROR] 04-06-2022 22:26:34 [main] log - Test case bị fales:C09_Verify_ClickOn_BtnTask
[INFO ] 04-06-2022 22:27:26 [main] log - Đã chạy test case: C05_Verify_ClickOn_BtnLogIn
[ERROR] 04-06-2022 22:27:27 [main] log - Test case bị fales:C05_Verify_ClickOn_BtnLogIn
[INFO ] 04-06-2022 22:30:20 [main] log - Đã chạy test case: C10_Verify_ClickOn_Banner4
[INFO ] 04-06-2022 22:31:05 [main] log - Đã chạy test case: C01_Verify_TitlePage
[ERROR] 04-06-2022 22:31:06 [main] log - Test case bị fales:C01_Verify_TitlePage
[INFO ] 04-06-2022 22:33:43 [main] log - Đã chạy test case: C01_Verify_TitlePage
[ERROR] 04-06-2022 22:33:43 [main] log - Test case bị fales:C01_Verify_TitlePage
[ERROR] 04-06-2022 22:39:25 [main] log - Đây là test case bị fail: C01_Verify_TitlePage
[INFO ] 04-06-2022 22:39:25 [main] log - Đã chạy test case: C01_Verify_TitlePage
[INFO ] 04-06-2022 22:53:59 [main] log - Đã chạy test caseMaven
[INFO ] 04-06-2022 22:53:59 [main] log - Đã chạy test caseC01_Verify_TitlePage
[ERROR] 04-06-2022 22:54:04 [main] log - Đây là test case bị fail: C01_Verify_TitlePage
[INFO ] 04-06-2022 22:55:27 [main] log - Đã chạy test caseMaven
[INFO ] 04-06-2022 22:55:27 [main] log - Đã chạy test caseC03_Verify_ClickOn_OverView
[INFO ] 04-06-2022 22:55:36 [main] log - Đây là test case chạy thành công: C03_Verify_ClickOn_OverView
[INFO ] 05-06-2022 09:25:15 [main] log - Start testing Maven
[INFO ] 05-06-2022 09:25:15 [main] log - C01_Verify_TitlePage test is starting...
[ERROR] 05-06-2022 09:25:23 [main] log - C01_Verify_TitlePage test is failed.
[ERROR] 05-06-2022 09:25:23 [main] log - C01_Verify_TitlePage test is failed.
[INFO ] 05-06-2022 09:25:23 [main] log - End testing Maven
[INFO ] 05-06-2022 09:27:41 [main] log - Start testing Maven
[INFO ] 05-06-2022 09:27:41 [main] log - C01_Verify_TitlePage test is starting...
[ERROR] 05-06-2022 09:27:47 [main] log - C01_Verify_TitlePage test is failed.
[ERROR] 05-06-2022 09:27:47 [main] log - C01_Verify_TitlePage test is failed.
[INFO ] 05-06-2022 09:27:47 [main] log - End testing Maven
[INFO ] 05-06-2022 09:34:04 [main] log - Start testing Maven
[INFO ] 05-06-2022 09:34:05 [main] log - C01_Verify_Default_Box_SearchFor test is starting...
[INFO ] 05-06-2022 09:34:12 [main] log - C01_Verify_Default_Box_SearchFor test is passed.
[INFO ] 05-06-2022 09:34:12 [main] log - C09_Verify_ClickOn_BtnTask test is starting...
[INFO ] 05-06-2022 09:34:21 [main] log - C09_Verify_ClickOn_BtnTask test is passed.
[INFO ] 05-06-2022 09:34:21 [main] log - C10_Verify_ClickOn_BtnHelp test is starting...
[ERROR] 05-06-2022 09:34:31 [main] log - C10_Verify_ClickOn_BtnHelp test is failed.
[ERROR] 05-06-2022 09:34:31 [main] log - C10_Verify_ClickOn_BtnHelp test is failed.
[INFO ] 05-06-2022 09:34:35 [main] log - End testing Maven
[INFO ] 05-06-2022 09:45:08 [main] log - Start testing Maven
[INFO ] 05-06-2022 09:45:09 [main] log - C01_Verify_Default_Box_SearchFor test is starting...
[INFO ] 05-06-2022 09:45:17 [main] log - C01_Verify_Default_Box_SearchFor test is passed.
[INFO ] 05-06-2022 09:45:21 [main] log - End testing Maven
[INFO ] 05-06-2022 09:53:52 [main] log - Start testing Maven
[INFO ] 05-06-2022 09:53:53 [main] log - C01_Verify_Default_Box_SearchFor test is starting...
[INFO ] 05-06-2022 09:54:00 [main] log - C01_Verify_Default_Box_SearchFor test is passed.
[INFO ] 05-06-2022 09:54:00 [main] log - C02_Verify_Dropdown_searchBar test is starting...
[INFO ] 05-06-2022 09:54:07 [main] log - C02_Verify_Dropdown_searchBar test is passed.
[INFO ] 05-06-2022 09:54:07 [main] log - C03_Verify_TextinBox_clickOn_aOption test is starting...
[INFO ] 05-06-2022 09:54:19 [main] log - C03_Verify_TextinBox_clickOn_aOption test is passed.
[INFO ] 05-06-2022 09:54:19 [main] log - C04_Verify_placeHolder_of_FieldSearch test is starting...
[INFO ] 05-06-2022 09:54:37 [main] log - C04_Verify_placeHolder_of_FieldSearch test is passed.
[INFO ] 05-06-2022 09:54:37 [main] log - C05_Verify_ClickOn_BtnSignIn test is starting...
[ERROR] 05-06-2022 09:54:52 [main] log - C05_Verify_ClickOn_BtnSignIn test is failed.
[ERROR] 05-06-2022 09:54:52 [main] log - C05_Verify_ClickOn_BtnSignIn test is failed.
[INFO ] 05-06-2022 09:54:56 [main] log - End testing Maven
[INFO ] 05-06-2022 12:42:36 [main] log - Start testing Maven
[INFO ] 05-06-2022 12:42:36 [main] log - C01_Verify_TitlePage test is starting...
[ERROR] 05-06-2022 12:42:43 [main] log - C01_Verify_TitlePage test is failed.
[ERROR] 05-06-2022 12:42:43 [main] log - C01_Verify_TitlePage test is failed.
[INFO ] 05-06-2022 12:42:43 [main] log - End testing Maven
[INFO ] 05-06-2022 12:47:25 [main] log - Start testing Maven
[INFO ] 05-06-2022 12:47:25 [main] log - C01_Verify_TitlePage test is starting...
[ERROR] 05-06-2022 12:47:31 [main] log - C01_Verify_TitlePage test is failed.
[INFO ] 05-06-2022 12:47:31 [main] log - End testing Maven
[INFO ] 05-06-2022 12:52:14 [main] log - Start testing Maven
[INFO ] 05-06-2022 12:52:14 [main] log - C10_Verify_ClickOn_BtnHelp test is starting...
[ERROR] 05-06-2022 12:52:24 [main] log - C10_Verify_ClickOn_BtnHelp test is failed.
[INFO ] 05-06-2022 12:52:28 [main] log - End testing Maven
[INFO ] 05-06-2022 13:01:32 [main] log - Start testing Maven
[INFO ] 05-06-2022 13:01:32 [main] log - C01_Verify_Default_Box_SearchFor test is starting...
[INFO ] 05-06-2022 13:01:39 [main] log - C01_Verify_Default_Box_SearchFor test is passed.
[INFO ] 05-06-2022 13:01:39 [main] log - C02_Verify_Dropdown_searchBar test is starting...
[INFO ] 05-06-2022 13:01:47 [main] log - C02_Verify_Dropdown_searchBar test is passed.
[INFO ] 05-06-2022 13:01:47 [main] log - C03_Verify_TextinBox_clickOn_aOption test is starting...
[INFO ] 05-06-2022 13:01:57 [main] log - C03_Verify_TextinBox_clickOn_aOption test is passed.
[INFO ] 05-06-2022 13:01:57 [main] log - C04_Verify_placeHolder_of_FieldSearch test is starting...
[INFO ] 05-06-2022 13:02:13 [main] log - C04_Verify_placeHolder_of_FieldSearch test is passed.
[INFO ] 05-06-2022 13:02:13 [main] log - C05_Verify_ClickOn_BtnSignIn test is starting...
[ERROR] 05-06-2022 13:02:27 [main] log - C05_Verify_ClickOn_BtnSignIn test is failed.
[INFO ] 05-06-2022 13:02:27 [main] log - C06_Verify_ClickOn_BtnSignUp test is starting...
[INFO ] 05-06-2022 13:02:44 [main] log - C06_Verify_ClickOn_BtnSignUp test is passed.
[INFO ] 05-06-2022 13:02:44 [main] log - C07_Verify_ClickOn_BtnNoti test is starting...
[INFO ] 05-06-2022 13:03:01 [main] log - C07_Verify_ClickOn_BtnNoti test is passed.
[INFO ] 05-06-2022 13:03:01 [main] log - C08_Verify_ClickOn_BtnNew test is starting...
[INFO ] 05-06-2022 13:03:20 [main] log - C08_Verify_ClickOn_BtnNew test is passed.
[INFO ] 05-06-2022 13:03:20 [main] log - C09_Verify_ClickOn_BtnTask test is starting...
[INFO ] 05-06-2022 13:03:41 [main] log - C09_Verify_ClickOn_BtnTask test is passed.
[INFO ] 05-06-2022 13:03:41 [main] log - C10_Verify_ClickOn_BtnHelp test is starting...
[ERROR] 05-06-2022 13:04:08 [main] log - C10_Verify_ClickOn_BtnHelp test is failed.
[INFO ] 05-06-2022 13:04:20 [main] log - End testing Maven
[INFO ] 18-06-2022 12:51:24 [main] log - Start testing Maven
[INFO ] 18-06-2022 12:51:24 [main] log - C02_Verify_Dropdown_searchBar test is starting...
[INFO ] 18-06-2022 12:52:29 [main] log - C02_Verify_Dropdown_searchBar test is passed.
[INFO ] 18-06-2022 12:52:32 [main] log - End testing Maven
[INFO ] 18-06-2022 12:53:23 [main] log - Start testing Maven
[INFO ] 18-06-2022 12:53:24 [main] log - C06_Verify_ClickOn_BtnSignUp test is starting...
[ERROR] 18-06-2022 12:53:35 [main] log - C06_Verify_ClickOn_BtnSignUp test is failed.
[ERROR] 18-06-2022 12:53:35 [main] log - C06_Verify_ClickOn_BtnSignUp test is failed.
[INFO ] 18-06-2022 12:53:39 [main] log - End testing Maven
[INFO ] 18-06-2022 13:00:17 [main] log - Start testing Maven
[INFO ] 18-06-2022 13:00:17 [main] log - C06_Verify_ClickOn_BtnSignUp test is starting...
[ERROR] 18-06-2022 13:00:25 [main] log - C06_Verify_ClickOn_BtnSignUp test is failed.
[INFO ] 18-06-2022 13:00:29 [main] log - End testing Maven
